<?xml version="1.0" encoding="UTF-8"?>
<!-- Generated by org.testng.reporters.JUnitReportReporter -->
<testsuite hostname="LAPTOP-P0M7KHBG" failures="0" tests="6" name="Amazon.E2EProject.HomePageTest" time="30.161" errors="0" timestamp="2021-01-15T20:29:59 IST" skipped="0">
  <testcase classname="Amazon.E2EProject.HomePageTest" name="applyFilter" time="4.225"/>
  <system-out/>
  <testcase classname="Amazon.E2EProject.HomePageTest" name="search" time="2.245"/>
  <system-out/>
  <testcase classname="Amazon.E2EProject.HomePageTest" name="Window" time="19.571"/>
  <system-out/>
  <testcase classname="Amazon.E2EProject.HomePageTest" name="log" time="1.088"/>
  <system-out/>
  <testcase classname="Amazon.E2EProject.HomePageTest" name="select" time="0.386"/>
  <system-out/>
  <testcase classname="Amazon.E2EProject.HomePageTest" name="checkout" time="2.646"/>
  <system-out/>
</testsuite> <!-- Amazon.E2EProject.HomePageTest -->
