<?xml version="1.0" encoding="UTF-8"?>
<!-- Generated by org.testng.reporters.JUnitReportReporter -->
<testsuite hostname="LAPTOP-P0M7KHBG" failures="0" tests="1" name="Amazon.E2EProject.HomePage" time="5.746" errors="0" timestamp="13 Dec 2020 18:13:31 GMT">
  <testcase classname="Amazon.E2EProject.HomePage" name="HomePageNavigation" time="5.746"/>
</testsuite> <!-- Amazon.E2EProject.HomePage -->
